Line 14: Class MSDataGridLib.DataGrid of control DataGrid1 was not a loaded control class.
Line 192: Class MSAdodcLib.Adodc of control Adodc1 was not a loaded control class.
Line 15: The property name Bindings in DataGrid1 is invalid.
Line 21: The property name _ExtentX in DataGrid1 is invalid.
Line 22: The property name _ExtentY in DataGrid1 is invalid.
Line 23: The property name _Version in DataGrid1 is invalid.
Line 24: The property name HeadLines in DataGrid1 is invalid.
Line 25: The property name RowHeight in DataGrid1 is invalid.
Line 34: The property name HeadFont in DataGrid1 is invalid.
Line 44: The property name ColumnCount in DataGrid1 is invalid.
Line 57: The property name Column00 in DataGrid1 is invalid.
Line 70: The property name Column01 in DataGrid1 is invalid.
Line 71: The property name SplitCount in DataGrid1 is invalid.
Line 77: The property name Split0 in DataGrid1 is invalid.
Line 198: The property name _ExtentX in Adodc1 is invalid.
Line 199: The property name _ExtentY in Adodc1 is invalid.
Line 200: The property name ConnectMode in Adodc1 is invalid.
Line 201: The property name CursorLocation in Adodc1 is invalid.
Line 202: The property name IsolationLevel in Adodc1 is invalid.
Line 203: The property name ConnectionTimeout in Adodc1 is invalid.
Line 204: The property name CommandTimeout in Adodc1 is invalid.
Line 205: The property name CursorType in Adodc1 is invalid.
Line 206: The property name LockType in Adodc1 is invalid.
Line 207: The property name CommandType in Adodc1 is invalid.
Line 208: The property name CursorOptions in Adodc1 is invalid.
Line 209: The property name CacheSize in Adodc1 is invalid.
Line 210: The property name MaxRecords in Adodc1 is invalid.
Line 211: The property name BOFAction in Adodc1 is invalid.
Line 212: The property name EOFAction in Adodc1 is invalid.
Line 213: The property name ConnectStringType in Adodc1 is invalid.
Line 217: The property name Orientation in Adodc1 is invalid.
Line 219: The property name Connect in Adodc1 is invalid.
Line 220: The property name OLEDBString in Adodc1 is invalid.
Line 221: The property name OLEDBFile in Adodc1 is invalid.
Line 222: The property name DataSourceName in Adodc1 is invalid.
Line 223: The property name OtherAttributes in Adodc1 is invalid.
Line 224: The property name UserName in Adodc1 is invalid.
Line 225: The property name Password in Adodc1 is invalid.
Line 226: The property name RecordSource in Adodc1 is invalid.
Line 227: The property name Caption in Adodc1 is invalid.
Line 237: The property name _Version in Adodc1 is invalid.
Line 15: The property name Bindings in DataGrid1 is invalid.
Line 21: The property name _ExtentX in DataGrid1 is invalid.
Line 22: The property name _ExtentY in DataGrid1 is invalid.
Line 23: The property name _Version in DataGrid1 is invalid.
Line 24: The property name HeadLines in DataGrid1 is invalid.
Line 25: The property name RowHeight in DataGrid1 is invalid.
Line 34: The property name HeadFont in DataGrid1 is invalid.
Line 44: The property name ColumnCount in DataGrid1 is invalid.
Line 57: The property name Column00 in DataGrid1 is invalid.
Line 70: The property name Column01 in DataGrid1 is invalid.
Line 71: The property name SplitCount in DataGrid1 is invalid.
Line 77: The property name Split0 in DataGrid1 is invalid.
Line 198: The property name _ExtentX in Adodc1 is invalid.
Line 199: The property name _ExtentY in Adodc1 is invalid.
Line 200: The property name ConnectMode in Adodc1 is invalid.
Line 201: The property name CursorLocation in Adodc1 is invalid.
Line 202: The property name IsolationLevel in Adodc1 is invalid.
Line 203: The property name ConnectionTimeout in Adodc1 is invalid.
Line 204: The property name CommandTimeout in Adodc1 is invalid.
Line 205: The property name CursorType in Adodc1 is invalid.
Line 206: The property name LockType in Adodc1 is invalid.
Line 207: The property name CommandType in Adodc1 is invalid.
Line 208: The property name CursorOptions in Adodc1 is invalid.
Line 209: The property name CacheSize in Adodc1 is invalid.
Line 210: The property name MaxRecords in Adodc1 is invalid.
Line 211: The property name BOFAction in Adodc1 is invalid.
Line 212: The property name EOFAction in Adodc1 is invalid.
Line 213: The property name ConnectStringType in Adodc1 is invalid.
Line 217: The property name Orientation in Adodc1 is invalid.
Line 219: The property name Connect in Adodc1 is invalid.
Line 220: The property name OLEDBString in Adodc1 is invalid.
Line 221: The property name OLEDBFile in Adodc1 is invalid.
Line 222: The property name DataSourceName in Adodc1 is invalid.
Line 223: The property name OtherAttributes in Adodc1 is invalid.
Line 224: The property name UserName in Adodc1 is invalid.
Line 225: The property name Password in Adodc1 is invalid.
Line 226: The property name RecordSource in Adodc1 is invalid.
Line 227: The property name Caption in Adodc1 is invalid.
Line 237: The property name _Version in Adodc1 is invalid.
